<?xml version="1.0" encoding="UTF-8"?>
<beans:beans xmlns="http://www.springframework.org/schema/mvc"
	xmlns:xsi="http://www.w3.org/2001/XMLSchema-instance"
	xmlns:beans="http://www.springframework.org/schema/beans"
	xmlns:context="http://www.springframework.org/schema/context"
	xmlns:mvc="http://www.springframework.org/schema/mvc"
	xmlns:mongo="http://www.springframework.org/schema/data/mongo"
	xsi:schemaLocation="http://www.springframework.org/schema/mvc http://www.springframework.org/schema/mvc/spring-mvc.xsd
		http://www.springframework.org/schema/mvc     
        http://www.springframework.org/schema/mvc/spring-mvc-3.0.xsd
		http://www.springframework.org/schema/data/mongo
        http://www.springframework.org/schema/data/mongo/spring-mongo-1.0.xsd
		http://www.springframework.org/schema/beans http://www.springframework.org/schema/beans/spring-beans.xsd
		http://www.springframework.org/schema/context http://www.springframework.org/schema/context/spring-context.xsd">

	<!-- DispatcherServlet Context: defines this servlet's request-processing infrastructure -->
	
	<!-- Enables the Spring MVC @Controller programming model -->
		<annotation-driven />
	<context:annotation-config />
	<mvc:annotation-driven />
	<context:component-scan base-package="com.eng" />
	
	<mongo:repositories base-package="com.eng.repository" />

	<!-- Handles HTTP GET requests for /resources/** by efficiently serving up static resources in the ${webappRoot}/resources directory -->
	<resources mapping="/resources/**" location="/resources/" />
	
	<!-- Mongo DB Configuration -->
	<mongo:mongo host="127.0.0.1" port="27017" />	


	
	<mongo:repositories base-package="com.eng.repository" />
	
	<beans:bean id="mongo" class="org.springframework.data.mongodb.core.MongoFactoryBean">
 	 <beans:property name="host" value="127.0.0.1" />
 	</beans:bean>
	
	<beans:bean id="mongoTemplate" class="org.springframework.data.mongodb.core.MongoTemplate" >
	    <beans:constructor-arg name="mongo" ref="mongo"/>
	    <beans:constructor-arg name="databaseName" value="eng"/>
	 </beans:bean>
	 


	
	
	
	
</beans:beans>
